<!DOCTYPE html>
<html>
<head>
    <title>Unittest Results</title>
    <meta charset="utf-8">
    <meta name="viewport" content="width=device-width, initial-scale=1.0">
    <link rel="stylesheet" href="https://maxcdn.bootstrapcdn.com/bootstrap/3.3.6/css/bootstrap.min.css" integrity="sha384-1q8mTJOASx8j1Au+a5WDVnPi2lkFfwwEAa8hDDdjZlpLegxhjVME1fgjWPGmkzs7" crossorigin="anonymous">
</head>
<body>
    <div class="container">
        <div class="row">
            <div class="col-xs-12">
                <h2 class="text-capitalize">Unittest Results</h2>
                <p class='attribute'><strong>Start Time: </strong>2023-01-20 13:27:49</p>
                <p class='attribute'><strong>Duration: </strong>88.28 s</p>
                <p class='attribute'><strong>Summary: </strong>Total: 1, Pass: 0, Error: 1</p>
            </div>
        </div>
        <div class="row">
            <div class="col-xs-12 col-sm-10 col-md-10">
                <table class='table table-hover table-responsive'>
                    <thead>
                        <tr>
                            <th>__main__.OrderTest</th>
                            <th>Status</th>
                            <th></th>
                        </tr>
                    </thead>
                    <tbody>
                        <tr class='warning'>
                            <td class="col-xs-10">test_order_valid</td>
                            <td class="col-xs-1">
                                <span class="label label-warning" style="display:block;width:40px;">Error</span>
                            </td>
                            <td class="col-xs-1">
                                <button class="btn btn-default btn-xs">View</button>
                            </td>
                        </tr>
                        <tr style="display:none;">
                            <td class="col-xs-9" colspan="3"><p style="color:maroon;">TimeoutException: Message: 
Stacktrace:
0   chromedriver                        0x0000000104f0cfa8 chromedriver + 4886440
1   chromedriver                        0x0000000104e8a643 chromedriver + 4351555
2   chromedriver                        0x0000000104ad8b27 chromedriver + 477991
3   chromedriver                        0x0000000104b1d76c chromedriver + 759660
4   chromedriver                        0x0000000104b1d9c1 chromedriver + 760257
5   chromedriver                        0x0000000104b61204 chromedriver + 1036804
6   chromedriver                        0x0000000104b435fd chromedriver + 914941
7   chromedriver                        0x0000000104b5e5fe chromedriver + 1025534
8   chromedriver                        0x0000000104b433a3 chromedriver + 914339
9   chromedriver                        0x0000000104b0d57f chromedriver + 693631
10  chromedriver                        0x0000000104b0eb1e chromedriver + 699166
11  chromedriver                        0x0000000104ed9b9e chromedriver + 4676510
12  chromedriver                        0x0000000104ede91e chromedriver + 4696350
13  chromedriver                        0x0000000104ee619f chromedriver + 4727199
14  chromedriver                        0x0000000104edf81a chromedriver + 4700186
15  chromedriver                        0x0000000104eb2a62 chromedriver + 4516450
16  chromedriver                        0x0000000104efe8c8 chromedriver + 4827336
17  chromedriver                        0x0000000104efea45 chromedriver + 4827717
18  chromedriver                        0x0000000104f147ef chromedriver + 4917231
19  libsystem_pthread.dylib             0x00007ff8018b1259 _pthread_start + 125
20  libsystem_pthread.dylib             0x00007ff8018acc7b thread_start + 15
</p><p style="color:maroon;">Traceback (most recent call last):
  File "/Users/fl/Documents/GitHub/FYP-AutomationWebTesting/src/KFC/tests/order_shop_test.py", line 29, in test_order_valid
    order.go_takeOutpage()
  File "/Users/fl/Documents/GitHub/FYP-AutomationWebTesting/./src/KFC/pages/Pages.py", line 25, in go_takeOutpage
    WebDriverWait(self.driver, 20).until(EC.element_to_be_clickable(MainpageLocators.take_out_button)).click()
    ^^^^^^^^^^^^^^^^^^^^^^^^^^^^^^^^^^^^^^^^^^^^^^^^^^^^^^^^^^^^^^^^^^^^^^^^^^^^^^^^^^^^^^^^^^^^^^^^^^
  File "/Library/Frameworks/Python.framework/Versions/3.11/lib/python3.11/site-packages/selenium/webdriver/support/wait.py", line 95, in until
    raise TimeoutException(message, screen, stacktrace)
selenium.common.exceptions.TimeoutException: Message: 
Stacktrace:
0   chromedriver                        0x0000000104f0cfa8 chromedriver + 4886440
1   chromedriver                        0x0000000104e8a643 chromedriver + 4351555
2   chromedriver                        0x0000000104ad8b27 chromedriver + 477991
3   chromedriver                        0x0000000104b1d76c chromedriver + 759660
4   chromedriver                        0x0000000104b1d9c1 chromedriver + 760257
5   chromedriver                        0x0000000104b61204 chromedriver + 1036804
6   chromedriver                        0x0000000104b435fd chromedriver + 914941
7   chromedriver                        0x0000000104b5e5fe chromedriver + 1025534
8   chromedriver                        0x0000000104b433a3 chromedriver + 914339
9   chromedriver                        0x0000000104b0d57f chromedriver + 693631
10  chromedriver                        0x0000000104b0eb1e chromedriver + 699166
11  chromedriver                        0x0000000104ed9b9e chromedriver + 4676510
12  chromedriver                        0x0000000104ede91e chromedriver + 4696350
13  chromedriver                        0x0000000104ee619f chromedriver + 4727199
14  chromedriver                        0x0000000104edf81a chromedriver + 4700186
15  chromedriver                        0x0000000104eb2a62 chromedriver + 4516450
16  chromedriver                        0x0000000104efe8c8 chromedriver + 4827336
17  chromedriver                        0x0000000104efea45 chromedriver + 4827717
18  chromedriver                        0x0000000104f147ef chromedriver + 4917231
19  libsystem_pthread.dylib             0x00007ff8018b1259 _pthread_start + 125
20  libsystem_pthread.dylib             0x00007ff8018acc7b thread_start + 15

</p>
                            </td>
                        </tr>
                        <tr>
                            <td colspan="3">
                                Total: 1, Pass: 0, Error: 1 -- Duration: 88.28 s
                            </td>
                        </tr>
                    </tbody>
                </table>
            </div>
        </div>
    </div>
    <script src="https://ajax.googleapis.com/ajax/libs/jquery/2.2.4/jquery.min.js"></script>
    <script type="text/javascript">
        $(document).ready(function(){
            $('td').on('click', '.btn', function(e){
                e.preventDefault();
                e.stopImmediatePropagation();
                var $this = $(this);
                var $nextRow = $this.closest('tr').next('tr');
                $nextRow.slideToggle("fast");
                $this.text(function(i, text){
                    if (text === 'View') {
                        return 'Hide';
                    } else {
                        return 'View';
                    };
                });
            });
        });
    </script>
</body>
</html