<!DOCTYPE html>
<html>
<head>
    <title>Unittest Results</title>
    <meta charset="utf-8">
    <meta name="viewport" content="width=device-width, initial-scale=1.0">
    <link rel="stylesheet" href="https://maxcdn.bootstrapcdn.com/bootstrap/3.3.6/css/bootstrap.min.css" integrity="sha384-1q8mTJOASx8j1Au+a5WDVnPi2lkFfwwEAa8hDDdjZlpLegxhjVME1fgjWPGmkzs7" crossorigin="anonymous">
</head>
<body>
    <div class="container">
        <div class="row">
            <div class="col-xs-12">
                <h2 class="text-capitalize">Unittest Results</h2>
                <p class='attribute'><strong>Start Time: </strong>2023-02-19 22:16:26</p>
                <p class='attribute'><strong>Duration: </strong>6.59 s</p>
                <p class='attribute'><strong>Summary: </strong>Total: 1, Pass: 0, Error: 1</p>
            </div>
        </div>
        <div class="row">
            <div class="col-xs-12 col-sm-10 col-md-10">
                <table class='table table-hover table-responsive'>
                    <thead>
                        <tr>
                            <th>__main__.OrderTest</th>
                            <th>Status</th>
                            <th></th>
                        </tr>
                    </thead>
                    <tbody>
                        <tr class='warning'>
                            <td class="col-xs-10">test_order_valid</td>
                            <td class="col-xs-1">
                                <span class="label label-warning" style="display:block;width:40px;">Error</span>
                            </td>
                            <td class="col-xs-1">
                                <button class="btn btn-default btn-xs">View</button>
                            </td>
                        </tr>
                        <tr style="display:none;">
                            <td class="col-xs-9" colspan="3"><p style="color:maroon;">NoSuchWindowException: Message: no such window: target window already closed
from unknown error: web view not found
  (Session info: chrome=110.0.5481.100)
Stacktrace:
0   chromedriver                        0x0000000105042138 chromedriver + 4923704
1   chromedriver                        0x0000000104fba9d3 chromedriver + 4368851
2   chromedriver                        0x0000000104c03787 chromedriver + 472967
3   chromedriver                        0x0000000104bd9c15 chromedriver + 302101
4   chromedriver                        0x0000000104c764cf chromedriver + 943311
5   chromedriver                        0x0000000104c8b2c6 chromedriver + 1028806
6   chromedriver                        0x0000000104c70d23 chromedriver + 920867
7   chromedriver                        0x0000000104c37a4b chromedriver + 686667
8   chromedriver                        0x0000000104c39044 chromedriver + 692292
9   chromedriver                        0x000000010500d8fe chromedriver + 4708606
10  chromedriver                        0x0000000105012e22 chromedriver + 4730402
11  chromedriver                        0x000000010501b6bf chromedriver + 4765375
12  chromedriver                        0x0000000105013e80 chromedriver + 4734592
13  chromedriver                        0x0000000104fe4975 chromedriver + 4540789
14  chromedriver                        0x0000000105035e78 chromedriver + 4873848
15  chromedriver                        0x0000000105035ff5 chromedriver + 4874229
16  chromedriver                        0x000000010504a6de chromedriver + 4957918
17  libsystem_pthread.dylib             0x00007ff81614d259 _pthread_start + 125
18  libsystem_pthread.dylib             0x00007ff816148c7b thread_start + 15
</p><p style="color:maroon;">Traceback (most recent call last):
  File "/Users/fl/Documents/GitHub/FYP-AutomationWebTesting/src/KFC/tests/order_shop_test.py", line 26, in test_order_valid
    order.go_takeOutpage()
  File "/Users/fl/Documents/GitHub/FYP-AutomationWebTesting/./src/KFC/pages/Pages.py", line 39, in go_takeOutpage
    WebDriverWait(self.driver, 20).until(EC.frame_to_be_available_and_switch_to_it((By.ID, self.app_frame_id)))
  File "/Library/Frameworks/Python.framework/Versions/3.11/lib/python3.11/site-packages/selenium/webdriver/support/wait.py", line 86, in until
    value = method(self._driver)
            ^^^^^^^^^^^^^^^^^^^^
  File "/Library/Frameworks/Python.framework/Versions/3.11/lib/python3.11/site-packages/selenium/webdriver/support/expected_conditions.py", line 256, in _predicate
    driver.switch_to.frame(driver.find_element(*locator))
                           ^^^^^^^^^^^^^^^^^^^^^^^^^^^^^
  File "/Library/Frameworks/Python.framework/Versions/3.11/lib/python3.11/site-packages/selenium/webdriver/remote/webdriver.py", line 861, in find_element
    return self.execute(Command.FIND_ELEMENT, {"using": by, "value": value})["value"]
           ^^^^^^^^^^^^^^^^^^^^^^^^^^^^^^^^^^^^^^^^^^^^^^^^^^^^^^^^^^^^^^^^^
  File "/Library/Frameworks/Python.framework/Versions/3.11/lib/python3.11/site-packages/selenium/webdriver/remote/webdriver.py", line 444, in execute
    self.error_handler.check_response(response)
  File "/Library/Frameworks/Python.framework/Versions/3.11/lib/python3.11/site-packages/selenium/webdriver/remote/errorhandler.py", line 249, in check_response
    raise exception_class(message, screen, stacktrace)
selenium.common.exceptions.NoSuchWindowException: Message: no such window: target window already closed
from unknown error: web view not found
  (Session info: chrome=110.0.5481.100)
Stacktrace:
0   chromedriver                        0x0000000105042138 chromedriver + 4923704
1   chromedriver                        0x0000000104fba9d3 chromedriver + 4368851
2   chromedriver                        0x0000000104c03787 chromedriver + 472967
3   chromedriver                        0x0000000104bd9c15 chromedriver + 302101
4   chromedriver                        0x0000000104c764cf chromedriver + 943311
5   chromedriver                        0x0000000104c8b2c6 chromedriver + 1028806
6   chromedriver                        0x0000000104c70d23 chromedriver + 920867
7   chromedriver                        0x0000000104c37a4b chromedriver + 686667
8   chromedriver                        0x0000000104c39044 chromedriver + 692292
9   chromedriver                        0x000000010500d8fe chromedriver + 4708606
10  chromedriver                        0x0000000105012e22 chromedriver + 4730402
11  chromedriver                        0x000000010501b6bf chromedriver + 4765375
12  chromedriver                        0x0000000105013e80 chromedriver + 4734592
13  chromedriver                        0x0000000104fe4975 chromedriver + 4540789
14  chromedriver                        0x0000000105035e78 chromedriver + 4873848
15  chromedriver                        0x0000000105035ff5 chromedriver + 4874229
16  chromedriver                        0x000000010504a6de chromedriver + 4957918
17  libsystem_pthread.dylib             0x00007ff81614d259 _pthread_start + 125
18  libsystem_pthread.dylib             0x00007ff816148c7b thread_start + 15

</p>
                            </td>
                        </tr>
                        <tr>
                            <td colspan="3">
                                Total: 1, Pass: 0, Error: 1 -- Duration: 6.59 s
                            </td>
                        </tr>
                    </tbody>
                </table>
            </div>
        </div>
    </div>
    <script src="https://ajax.googleapis.com/ajax/libs/jquery/2.2.4/jquery.min.js"></script>
    <script type="text/javascript">
        $(document).ready(function(){
            $('td').on('click', '.btn', function(e){
                e.preventDefault();
                e.stopImmediatePropagation();
                var $this = $(this);
                var $nextRow = $this.closest('tr').next('tr');
                $nextRow.slideToggle("fast");
                $this.text(function(i, text){
                    if (text === 'View') {
                        return 'Hide';
                    } else {
                        return 'View';
                    };
                });
            });
        });
    </script>
</body>
</html