<!DOCTYPE html>
<html>
<head>
    <title>Unittest Results</title>
    <meta charset="utf-8">
    <meta name="viewport" content="width=device-width, initial-scale=1.0">
    <link rel="stylesheet" href="https://maxcdn.bootstrapcdn.com/bootstrap/3.3.6/css/bootstrap.min.css" integrity="sha384-1q8mTJOASx8j1Au+a5WDVnPi2lkFfwwEAa8hDDdjZlpLegxhjVME1fgjWPGmkzs7" crossorigin="anonymous">
</head>
<body>
    <div class="container">
        <div class="row">
            <div class="col-xs-12">
                <h2 class="text-capitalize">Unittest Results</h2>
                <p class='attribute'><strong>Start Time: </strong>2023-02-19 22:23:26</p>
                <p class='attribute'><strong>Duration: </strong>53.57 s</p>
                <p class='attribute'><strong>Summary: </strong>Total: 1, Pass: 0, Error: 1</p>
            </div>
        </div>
        <div class="row">
            <div class="col-xs-12 col-sm-10 col-md-10">
                <table class='table table-hover table-responsive'>
                    <thead>
                        <tr>
                            <th>__main__.OrderTest</th>
                            <th>Status</th>
                            <th></th>
                        </tr>
                    </thead>
                    <tbody>
                        <tr class='warning'>
                            <td class="col-xs-10">test_order_invalid</td>
                            <td class="col-xs-1">
                                <span class="label label-warning" style="display:block;width:40px;">Error</span>
                            </td>
                            <td class="col-xs-1">
                                <button class="btn btn-default btn-xs">View</button>
                            </td>
                        </tr>
                        <tr style="display:none;">
                            <td class="col-xs-9" colspan="3"><p style="color:maroon;">TimeoutException: Message: 
Stacktrace:
0   chromedriver                        0x0000000100cf8138 chromedriver + 4923704
1   chromedriver                        0x0000000100c709d3 chromedriver + 4368851
2   chromedriver                        0x00000001008b9787 chromedriver + 472967
3   chromedriver                        0x00000001008fdba3 chromedriver + 752547
4   chromedriver                        0x00000001008fddf1 chromedriver + 753137
5   chromedriver                        0x0000000100944734 chromedriver + 1042228
6   chromedriver                        0x0000000100926fdd chromedriver + 921565
7   chromedriver                        0x0000000100941c0f chromedriver + 1031183
8   chromedriver                        0x0000000100926d23 chromedriver + 920867
9   chromedriver                        0x00000001008eda4b chromedriver + 686667
10  chromedriver                        0x00000001008ef044 chromedriver + 692292
11  chromedriver                        0x0000000100cc38fe chromedriver + 4708606
12  chromedriver                        0x0000000100cc8e22 chromedriver + 4730402
13  chromedriver                        0x0000000100cd16bf chromedriver + 4765375
14  chromedriver                        0x0000000100cc9e80 chromedriver + 4734592
15  chromedriver                        0x0000000100c9a975 chromedriver + 4540789
16  chromedriver                        0x0000000100cebe78 chromedriver + 4873848
17  chromedriver                        0x0000000100cebff5 chromedriver + 4874229
18  chromedriver                        0x0000000100d006de chromedriver + 4957918
19  libsystem_pthread.dylib             0x00007ff81614d259 _pthread_start + 125
20  libsystem_pthread.dylib             0x00007ff816148c7b thread_start + 15
</p><p style="color:maroon;">Traceback (most recent call last):
  File "/Users/fl/Documents/GitHub/FYP-AutomationWebTesting/src/KFC/tests/order_shop_invaild_test.py", line 32, in test_order_invalid
    select.choose_original()
  File "/Users/fl/Documents/GitHub/FYP-AutomationWebTesting/./src/KFC/pages/Pages.py", line 131, in choose_original
    WebDriverWait(self.driver, 20).until(EC.element_to_be_clickable(OrderPageLocators.Ã _la_carte_button)).click()
    ^^^^^^^^^^^^^^^^^^^^^^^^^^^^^^^^^^^^^^^^^^^^^^^^^^^^^^^^^^^^^^^^^^^^^^^^^^^^^^^^^^^^^^^^^^^^^^^^^^^^^
  File "/Library/Frameworks/Python.framework/Versions/3.11/lib/python3.11/site-packages/selenium/webdriver/support/wait.py", line 95, in until
    raise TimeoutException(message, screen, stacktrace)
selenium.common.exceptions.TimeoutException: Message: 
Stacktrace:
0   chromedriver                        0x0000000100cf8138 chromedriver + 4923704
1   chromedriver                        0x0000000100c709d3 chromedriver + 4368851
2   chromedriver                        0x00000001008b9787 chromedriver + 472967
3   chromedriver                        0x00000001008fdba3 chromedriver + 752547
4   chromedriver                        0x00000001008fddf1 chromedriver + 753137
5   chromedriver                        0x0000000100944734 chromedriver + 1042228
6   chromedriver                        0x0000000100926fdd chromedriver + 921565
7   chromedriver                        0x0000000100941c0f chromedriver + 1031183
8   chromedriver                        0x0000000100926d23 chromedriver + 920867
9   chromedriver                        0x00000001008eda4b chromedriver + 686667
10  chromedriver                        0x00000001008ef044 chromedriver + 692292
11  chromedriver                        0x0000000100cc38fe chromedriver + 4708606
12  chromedriver                        0x0000000100cc8e22 chromedriver + 4730402
13  chromedriver                        0x0000000100cd16bf chromedriver + 4765375
14  chromedriver                        0x0000000100cc9e80 chromedriver + 4734592
15  chromedriver                        0x0000000100c9a975 chromedriver + 4540789
16  chromedriver                        0x0000000100cebe78 chromedriver + 4873848
17  chromedriver                        0x0000000100cebff5 chromedriver + 4874229
18  chromedriver                        0x0000000100d006de chromedriver + 4957918
19  libsystem_pthread.dylib             0x00007ff81614d259 _pthread_start + 125
20  libsystem_pthread.dylib             0x00007ff816148c7b thread_start + 15

</p>
                            </td>
                        </tr>
                        <tr>
                            <td colspan="3">
                                Total: 1, Pass: 0, Error: 1 -- Duration: 53.57 s
                            </td>
                        </tr>
                    </tbody>
                </table>
            </div>
        </div>
    </div>
    <script src="https://ajax.googleapis.com/ajax/libs/jquery/2.2.4/jquery.min.js"></script>
    <script type="text/javascript">
        $(document).ready(function(){
            $('td').on('click', '.btn', function(e){
                e.preventDefault();
                e.stopImmediatePropagation();
                var $this = $(this);
                var $nextRow = $this.closest('tr').next('tr');
                $nextRow.slideToggle("fast");
                $this.text(function(i, text){
                    if (text === 'View') {
                        return 'Hide';
                    } else {
                        return 'View';
                    };
                });
            });
        });
    </script>
</body>
</html